

================================================================
== Vivado HLS Report for 'dut_mfcc'
================================================================
* Date:           Sun Dec 11 11:07:49 2016

* Version:        2016.2 (Build 1577090 on Thu Jun 02 16:59:10 MDT 2016)
* Project:        mfcc.prj
* Solution:       solution1
* Product family: zynq
* Target device:  xc7z020clg484-1


================================================================
== Performance Estimates
================================================================
+ Timing (ns): 
    * Summary: 
    +--------+-------+----------+------------+
    |  Clock | Target| Estimated| Uncertainty|
    +--------+-------+----------+------------+
    |ap_clk  |  10.00|      8.75|        1.25|
    +--------+-------+----------+------------+

+ Latency (clock cycles): 
    * Summary: 
    +---------+---------+---------+---------+---------+
    |      Latency      |      Interval     | Pipeline|
    |   min   |   max   |   min   |   max   |   Type  |
    +---------+---------+---------+---------+---------+
    |  3602959|  3681639|  3602959|  3681639|   none  |
    +---------+---------+---------+---------+---------+

    + Detail: 
        * Instance: 
        +-----------------------------+------------------+--------+--------+--------+--------+---------+
        |                             |                  |     Latency     |     Interval    | Pipeline|
        |           Instance          |      Module      |   min  |   max  |   min  |   max  |   Type  |
        +-----------------------------+------------------+--------+--------+--------+--------+---------+
        |grp_dut_knn_fu_616           |dut_knn           |  276855|  277135|  276855|  277135|   none  |
        |grp_dut_sinf_or_cosf_fu_623  |dut_sinf_or_cosf  |      43|      47|      43|      47|   none  |
        |grp_fft_config1_s_fu_636     |fft_config1_s     |     874|     874|     874|     874|   none  |
        +-----------------------------+------------------+--------+--------+--------+--------+---------+

        * Loop: 
        +-----------------+---------+---------+---------------+-----------+-----------+------+----------+
        |                 |      Latency      |   Iteration   |  Initiation Interval  | Trip |          |
        |    Loop Name    |   min   |   max   |    Latency    |  achieved |   target  | Count| Pipelined|
        +-----------------+---------+---------+---------------+-----------+-----------+------+----------+
        |- Loop 1         |    63488|    63488|            248|          -|          -|   256|    no    |
        | + Loop 1.1      |      245|      245|              5|          -|          -|    49|    no    |
        |- Loop 2         |    25600|    25600|            100|          -|          -|   256|    no    |
        | + Loop 2.1      |       98|       98|              2|          -|          -|    49|    no    |
        |- Loop 3         |      255|      255|              1|          -|          -|   256|    no    |
        |- Loop 4         |      255|      255|              1|          -|          -|   256|    no    |
        |- Loop 5         |    93198|    93198|           1902|          -|          -|    49|    no    |
        | + Loop 5.1      |      512|      512|              2|          -|          -|   256|    no    |
        | + Loop 5.2      |      512|      512|              2|          -|          -|   256|    no    |
        |- Loop 6         |  3143301|  3221701| 64149 ~ 65749 |          -|          -|    49|    no    |
        | + Loop 6.1      |      645|      645|              5|          -|          -|   129|    no    |
        | + Loop 6.2      |    26100|    26100|           1305|          -|          -|    20|    no    |
        |  ++ Loop 6.2.1  |     1290|     1290|             10|          -|          -|   129|    no    |
        | + Loop 6.3      |    37400|    39000|  1870 ~ 1950  |          -|          -|    20|    no    |
        |  ++ Loop 6.3.1  |     1860|     1940|    93 ~ 97    |          -|          -|    20|    no    |
        +-----------------+---------+---------+---------------+-----------+-----------+------+----------+



================================================================
== Utilization Estimates
================================================================
* Summary: 
+-----------------+---------+-------+--------+-------+
|       Name      | BRAM_18K| DSP48E|   FF   |  LUT  |
+-----------------+---------+-------+--------+-------+
|DSP              |        -|      -|       -|      -|
|Expression       |        -|      -|       0|    404|
|FIFO             |        -|      -|       -|      -|
|Instance         |       76|     51|   17556|  19580|
|Memory           |       82|      -|       0|      0|
|Multiplexer      |        -|      -|       -|    855|
|Register         |        -|      -|     916|      -|
+-----------------+---------+-------+--------+-------+
|Total            |      158|     51|   18472|  20839|
+-----------------+---------+-------+--------+-------+
|Available        |      280|    220|  106400|  53200|
+-----------------+---------+-------+--------+-------+
|Utilization (%)  |       56|     23|      17|     39|
+-----------------+---------+-------+--------+-------+

+ Detail: 
    * Instance: 
    +---------------------------------------+-----------------------------------+---------+-------+-------+------+
    |                Instance               |               Module              | BRAM_18K| DSP48E|   FF  |  LUT |
    +---------------------------------------+-----------------------------------+---------+-------+-------+------+
    |dut_fadd_32ns_32ns_32_5_full_dsp_U23   |dut_fadd_32ns_32ns_32_5_full_dsp   |        0|      2|    205|   390|
    |dut_fdiv_32ns_32ns_32_16_U25           |dut_fdiv_32ns_32ns_32_16           |        0|      0|    761|   994|
    |dut_flog_32ns_32ns_32_13_full_dsp_U27  |dut_flog_32ns_32ns_32_13_full_dsp  |        0|     13|    485|   614|
    |dut_fmul_32ns_32ns_32_4_max_dsp_U24    |dut_fmul_32ns_32ns_32_4_max_dsp    |        0|      3|    143|   321|
    |grp_dut_knn_fu_616                     |dut_knn                            |       70|      2|   1930|  3058|
    |grp_dut_sinf_or_cosf_fu_623            |dut_sinf_or_cosf                   |        0|      7|   1211|  3848|
    |dut_sitofp_32ns_32_6_U26               |dut_sitofp_32ns_32_6               |        0|      0|    340|   554|
    |grp_fft_config1_s_fu_636               |fft_config1_s                      |        6|     24|  12481|  9801|
    +---------------------------------------+-----------------------------------+---------+-------+-------+------+
    |Total                                  |                                   |       76|     51|  17556| 19580|
    +---------------------------------------+-----------------------------------+---------+-------+-------+------+

    * DSP48: 
    N/A

    * Memory: 
    +-------------------+--------------------------+---------+---+----+-------+-----+------+-------------+
    |       Memory      |          Module          | BRAM_18K| FF| LUT| Words | Bits| Banks| W*Bits*Banks|
    +-------------------+--------------------------+---------+---+----+-------+-----+------+-------------+
    |M_U                |dut_mfcc_M                |       32|  0|   0|  12544|   32|     1|       401408|
    |hamming_U          |dut_mfcc_hamming          |        1|  0|   0|    256|   32|     1|         8192|
    |melfb_U            |dut_mfcc_melfb            |        8|  0|   0|   2580|   32|     1|        82560|
    |xk_U               |dut_mfcc_xk               |        2|  0|   0|    256|   64|     1|        16384|
    |xn_U               |dut_mfcc_xn               |        2|  0|   0|    256|   64|     1|        16384|
    |xn_input_M_real_U  |dut_mfcc_xn_input_M_real  |       32|  0|   0|  12544|   32|     1|       401408|
    |z_U                |dut_mfcc_z                |        2|  0|   0|    980|   32|     1|        31360|
    |X_U                |dut_mfcc_z                |        2|  0|   0|    980|   32|     1|        31360|
    |z2_U               |dut_mfcc_z2               |        1|  0|   0|    129|   32|     1|         4128|
    +-------------------+--------------------------+---------+---+----+-------+-----+------+-------------+
    |Total              |                          |       82|  0|   0|  30525|  352|     9|       993184|
    +-------------------+--------------------------+---------+---+----+-------+-----+------+-------------+

    * FIFO: 
    N/A

    * Expression: 
    +-----------------------+----------+-------+---+----+------------+------------+
    |     Variable Name     | Operation| DSP48E| FF| LUT| Bitwidth P0| Bitwidth P1|
    +-----------------------+----------+-------+---+----+------------+------------+
    |frame_1_fu_966_p2      |     +    |      0|  0|   6|           6|           1|
    |i_1_fu_705_p2          |     +    |      0|  0|   9|           9|           1|
    |i_2_fu_770_p2          |     +    |      0|  0|   9|           9|           1|
    |i_3_fu_986_p2          |     +    |      0|  0|   8|           8|           1|
    |i_4_fu_868_p2          |     +    |      0|  0|   6|           6|           1|
    |j_1_fu_722_p2          |     +    |      0|  0|   6|           6|           1|
    |j_2_fu_786_p2          |     +    |      0|  0|   6|           6|           1|
    |j_3_fu_905_p2          |     +    |      0|  0|   9|           9|           1|
    |j_4_fu_949_p2          |     +    |      0|  0|   9|           9|           1|
    |j_5_fu_1029_p2         |     +    |      0|  0|   5|           5|           1|
    |k_1_fu_1105_p2         |     +    |      0|  0|   5|           5|           1|
    |n_fu_1135_p2           |     +    |      0|  0|   5|           5|           1|
    |next_mul1_fu_1088_p2   |     +    |      0|  0|  10|          10|           6|
    |next_mul2_fu_1141_p2   |     +    |      0|  0|  10|          10|           6|
    |next_mul3_fu_689_p2    |     +    |      0|  0|  14|          14|           6|
    |next_mul5_fu_758_p2    |     +    |      0|  0|  14|          14|           6|
    |next_mul7_fu_992_p2    |     +    |      0|  0|  13|          13|           6|
    |next_mul9_fu_1013_p2   |     +    |      0|  0|  10|          10|           6|
    |next_mul_fu_728_p2     |     +    |      0|  0|  13|          13|           7|
    |tmp1_fu_1055_p2        |     +    |      0|  0|   8|           8|           8|
    |tmp_12_fu_845_p2       |     +    |      0|  0|   8|           8|           1|
    |tmp_24_fu_748_p2       |     +    |      0|  0|  14|          14|          14|
    |tmp_25_fu_1064_p2      |     +    |      0|  0|  12|          12|          12|
    |tmp_2_fu_828_p2        |     +    |      0|  0|   8|           8|           1|
    |tmp_31_fu_808_p2       |     +    |      0|  0|  15|          15|          15|
    |tmp_38_fu_813_p2       |     +    |      0|  0|  14|          14|          14|
    |tmp_40_fu_915_p2       |     +    |      0|  0|  15|          15|          15|
    |tmp_41_fu_998_p2       |     +    |      0|  0|  13|          13|          13|
    |tmp_42_fu_1079_p2      |     +    |      0|  0|  10|          10|          10|
    |tmp_43_fu_1152_p2      |     +    |      0|  0|  10|          10|          10|
    |tmp_44_fu_1147_p2      |     +    |      0|  0|  10|          10|          10|
    |tmp_8_fu_734_p2        |     +    |      0|  0|  13|          13|          13|
    |x_1_fu_1049_p2         |     +    |      0|  0|   8|           8|           1|
    |exitcond10_fu_1099_p2  |   icmp   |      0|  0|   2|           5|           5|
    |exitcond11_fu_1043_p2  |   icmp   |      0|  0|   3|           8|           8|
    |exitcond12_fu_1129_p2  |   icmp   |      0|  0|   2|           5|           5|
    |exitcond1_fu_764_p2    |   icmp   |      0|  0|   4|           9|          10|
    |exitcond2_fu_716_p2    |   icmp   |      0|  0|   3|           6|           5|
    |exitcond3_fu_780_p2    |   icmp   |      0|  0|   3|           6|           5|
    |exitcond4_fu_862_p2    |   icmp   |      0|  0|   3|           6|           5|
    |exitcond5_fu_960_p2    |   icmp   |      0|  0|   3|           6|           5|
    |exitcond6_fu_899_p2    |   icmp   |      0|  0|   4|           9|          10|
    |exitcond7_fu_980_p2    |   icmp   |      0|  0|   3|           8|           8|
    |exitcond8_fu_943_p2    |   icmp   |      0|  0|   4|           9|          10|
    |exitcond9_fu_1023_p2   |   icmp   |      0|  0|   2|           5|           5|
    |exitcond_fu_699_p2     |   icmp   |      0|  0|   4|           9|          10|
    |tmp_10_fu_839_p2       |   icmp   |      0|  0|   3|           8|           2|
    |tmp_15_fu_856_p2       |   icmp   |      0|  0|   3|           8|           2|
    |tmp_22_fu_1111_p2      |   icmp   |      0|  0|   2|           5|           1|
    |ap_sig_330             |    or    |      0|  0|   1|           1|           1|
    |p_s_fu_1117_p3         |  select  |      0|  0|  30|           1|          30|
    +-----------------------+----------+-------+---+----+------------+------------+
    |Total                  |          |      0|  0| 404|         439|         319|
    +-----------------------+----------+-------+---+----+------------+------------+

    * Multiplexer: 
    +--------------------------+-----+-----------+-----+-----------+
    |           Name           | LUT | Input Size| Bits| Total Bits|
    +--------------------------+-----+-----------+-----+-----------+
    |M_address0                |   14|          4|   14|         56|
    |X_address0                |   10|          3|   10|         30|
    |X_ce0                     |    1|          3|    1|          3|
    |ap_NS_fsm                 |  238|        110|    1|        110|
    |ap_return                 |    1|          2|    1|          2|
    |frame_reg_479             |    6|          2|    6|         12|
    |grp_fu_644_p0             |   32|          4|   32|        128|
    |grp_fu_644_p1             |   32|          3|   32|         96|
    |grp_fu_651_p0             |   64|          9|   32|        288|
    |grp_fu_651_p1             |   64|          9|   32|        288|
    |grp_fu_672_p0             |   32|          3|   32|         96|
    |i1_reg_389                |    9|          2|    9|         18|
    |i4_reg_445                |    6|          2|    6|         12|
    |i7_reg_490                |    8|          2|    8|         16|
    |i_reg_344                 |    9|          2|    9|         18|
    |j2_reg_412                |    6|          2|    6|         12|
    |j5_reg_456                |    9|          2|    9|         18|
    |j6_reg_468                |    9|          2|    9|         18|
    |j8_reg_513                |    5|          2|    5|         10|
    |j_reg_367                 |    6|          2|    6|         12|
    |k_reg_559                 |    5|          2|    5|         10|
    |n1_reg_594                |    5|          2|    5|         10|
    |p_x_assign_reg_536        |   32|          2|   32|         64|
    |phi_mul1_reg_570          |   10|          2|   10|         20|
    |phi_mul2_reg_355          |   14|          2|   14|         28|
    |phi_mul3_reg_605          |   10|          2|   10|         20|
    |phi_mul4_reg_400          |   14|          2|   14|         28|
    |phi_mul6_reg_502          |   13|          2|   13|         26|
    |phi_mul8_reg_524          |   10|          2|   10|         20|
    |phi_mul_reg_378           |   13|          2|   13|         26|
    |sum9_reg_582              |   32|          2|   32|         64|
    |tmp_11_reg_434            |    8|          2|    8|         16|
    |tmp_1_reg_423             |    8|          2|    8|         16|
    |x_reg_548                 |    8|          2|    8|         16|
    |xk_address0               |    8|          3|    8|         24|
    |xn_address0               |    8|          3|    8|         24|
    |xn_d0                     |   64|          3|   64|        192|
    |xn_input_M_real_address0  |   14|          3|   14|         42|
    |z2_address0               |    8|          3|    8|         24|
    |z_address0                |   10|          3|   10|         30|
    +--------------------------+-----+-----------+-----+-----------+
    |Total                     |  855|        216|  554|       1943|
    +--------------------------+-----+-----------+-----+-----------+

    * Register: 
    +---------------------------------------------+-----+----+-----+-----------+
    |                     Name                    |  FF | LUT| Bits| Const Bits|
    +---------------------------------------------+-----+----+-----+-----------+
    |ap_CS_fsm                                    |  109|   0|  109|          0|
    |ap_reg_grp_dut_knn_fu_616_ap_start           |    1|   0|    1|          0|
    |ap_reg_grp_dut_sinf_or_cosf_fu_623_ap_start  |    1|   0|    1|          0|
    |ap_reg_grp_fft_config1_s_fu_636_ap_start     |    1|   0|    1|          0|
    |ap_return_preg                               |    1|   0|    1|          0|
    |frame_1_reg_1327                             |    6|   0|    6|          0|
    |frame_reg_479                                |    6|   0|    6|          0|
    |hamming_load_reg_1200                        |   32|   0|   32|          0|
    |i1_reg_389                                   |    9|   0|    9|          0|
    |i4_reg_445                                   |    6|   0|    6|          0|
    |i7_reg_490                                   |    8|   0|    8|          0|
    |i_1_reg_1190                                 |    9|   0|    9|          0|
    |i_2_reg_1241                                 |    9|   0|    9|          0|
    |i_3_reg_1347                                 |    8|   0|    8|          0|
    |i_4_reg_1288                                 |    6|   0|    6|          0|
    |i_cast_reg_1182                              |    9|   0|   13|          4|
    |i_reg_344                                    |    9|   0|    9|          0|
    |j2_reg_412                                   |    6|   0|    6|          0|
    |j5_reg_456                                   |    9|   0|    9|          0|
    |j6_reg_468                                   |    9|   0|    9|          0|
    |j8_cast7_reg_1373                            |    5|   0|    8|          3|
    |j8_reg_513                                   |    5|   0|    5|          0|
    |j_1_reg_1208                                 |    6|   0|    6|          0|
    |j_2_reg_1254                                 |    6|   0|    6|          0|
    |j_3_reg_1301                                 |    9|   0|    9|          0|
    |j_4_reg_1314                                 |    9|   0|    9|          0|
    |j_5_reg_1381                                 |    5|   0|    5|          0|
    |j_reg_367                                    |    6|   0|    6|          0|
    |k_1_reg_1447                                 |    5|   0|    5|          0|
    |k_reg_559                                    |    5|   0|    5|          0|
    |n1_reg_594                                   |    5|   0|    5|          0|
    |n_reg_1475                                   |    5|   0|    5|          0|
    |next_mul1_reg_1434                           |   10|   0|   10|          0|
    |next_mul2_reg_1480                           |   10|   0|   10|          0|
    |next_mul3_reg_1177                           |   14|   0|   14|          0|
    |next_mul5_reg_1233                           |   14|   0|   14|          0|
    |next_mul7_reg_1352                           |   13|   0|   13|          0|
    |next_mul9_reg_1368                           |   10|   0|   10|          0|
    |next_mul_reg_1213                            |   13|   0|   13|          0|
    |p_s_reg_1457                                 |   11|   0|   32|         21|
    |p_shl_reg_1386                               |    5|   0|   12|          7|
    |p_x_assign_2_reg_1505                        |   32|   0|   32|          0|
    |p_x_assign_reg_536                           |   32|   0|   32|          0|
    |phi_mul1_reg_570                             |   10|   0|   10|          0|
    |phi_mul2_reg_355                             |   14|   0|   14|          0|
    |phi_mul3_reg_605                             |   10|   0|   10|          0|
    |phi_mul4_reg_400                             |   14|   0|   14|          0|
    |phi_mul6_reg_502                             |   13|   0|   13|          0|
    |phi_mul8_reg_524                             |   10|   0|   10|          0|
    |phi_mul_reg_378                              |   13|   0|   13|          0|
    |reg_681                                      |   32|   0|   32|          0|
    |sum9_reg_582                                 |   32|   0|   32|          0|
    |tmp_11_reg_434                               |    8|   0|    8|          0|
    |tmp_17_cast1_reg_1332                        |    6|   0|   13|          7|
    |tmp_17_cast_reg_1337                         |    6|   0|   10|          4|
    |tmp_1_reg_423                                |    8|   0|    8|          0|
    |tmp_22_reg_1452                              |    1|   0|    1|          0|
    |tmp_23_reg_1462                              |   32|   0|   32|          0|
    |tmp_24_reg_1223                              |   14|   0|   14|          0|
    |tmp_31_reg_1259                              |   15|   0|   15|          0|
    |tmp_32_reg_1495                              |   32|   0|   32|          0|
    |tmp_34_reg_1500                              |   32|   0|   32|          0|
    |tmp_42_reg_1424                              |   10|   0|   10|          0|
    |tmp_43_reg_1490                              |   10|   0|   10|          0|
    |tmp_44_reg_1485                              |   10|   0|   10|          0|
    |tmp_45_cast_reg_1293                         |    6|   0|   15|          9|
    |tmp_5_cast_reg_1246                          |    9|   0|   15|          6|
    |tmp_i_i_i_i_reg_1515                         |   32|   0|   32|          0|
    |tmp_i_reg_1429                               |   32|   0|   32|          0|
    |x_1_reg_1394                                 |    8|   0|    8|          0|
    |x_reg_548                                    |    8|   0|    8|          0|
    +---------------------------------------------+-----+----+-----+-----------+
    |Total                                        |  916|   0|  977|         61|
    +---------------------------------------------+-----+----+-----+-----------+



================================================================
== Interface
================================================================
* Summary: 
+---------------------+-----+-----+------------+--------------+--------------+
|      RTL Ports      | Dir | Bits|  Protocol  | Source Object|    C Type    |
+---------------------+-----+-----+------------+--------------+--------------+
|ap_clk               |  in |    1| ap_ctrl_hs |   dut_mfcc   | return value |
|ap_rst               |  in |    1| ap_ctrl_hs |   dut_mfcc   | return value |
|ap_start             |  in |    1| ap_ctrl_hs |   dut_mfcc   | return value |
|ap_done              | out |    1| ap_ctrl_hs |   dut_mfcc   | return value |
|ap_idle              | out |    1| ap_ctrl_hs |   dut_mfcc   | return value |
|ap_ready             | out |    1| ap_ctrl_hs |   dut_mfcc   | return value |
|ap_return            | out |    1| ap_ctrl_hs |   dut_mfcc   | return value |
|sound_file_address0  | out |   14|  ap_memory |  sound_file  |     array    |
|sound_file_ce0       | out |    1|  ap_memory |  sound_file  |     array    |
|sound_file_q0        |  in |   32|  ap_memory |  sound_file  |     array    |
+---------------------+-----+-----+------------+--------------+--------------+

