==============================================================
File generated by Vivado(TM) HLS - High-Level Synthesis from C, C++ and SystemC
Version: 2016.2
Copyright (C) 1986-2016 Xilinx, Inc. All Rights Reserved.

==============================================================

@I [HLS-10] Setting target device to 'xc7z020clg484-1'
@I [SYN-201] Setting up clock 'default' with a period of 10ns.
@I [XFORM-701] Set default FIFO size in dataflow to 1.
@I [XFORM-701] Set the default channel type in dataflow to FIFO.
@I [HLS-10] Analyzing design file 'mfcc.cpp' ... 
@I [HLS-10] Validating synthesis directives ...
@I [HLS-10] Starting code transformations ...
@I [XFORM-603] Inlining function 'ap_fixed_base<49, 0, false, (ap_q_mode)5, (ap_o_mode)3, 0>::operator<<' into 'hls::hotbm::range_redux_payne_hanek_hotbm_pi<20, float, 31, 31>' (/wrk/2016.2/continuous/2016_06_02_1577090/src/products/hls/hls_lib/src/hls/hls_hotbm.h:401).
@I [XFORM-603] Inlining function 'ap_fixed_base<49, 0, false, (ap_q_mode)5, (ap_o_mode)3, 0>::operator<<' into 'hls::hotbm::range_redux_payne_hanek_hotbm<20, float, 31, 31>' (/wrk/2016.2/continuous/2016_06_02_1577090/src/products/hls/hls_lib/src/hls/hls_hotbm.h:284).
@I [XFORM-603] Inlining function 'ap_fixed_base<31, 0, false, (ap_q_mode)0, (ap_o_mode)3, 0>::quantization_adjust' into 'ap_fixed_base<31, 0, false, (ap_q_mode)0, (ap_o_mode)3, 0>::ap_fixed_base<49, 0, false, (ap_q_mode)5, (ap_o_mode)3, 0>' ().
@I [XFORM-603] Inlining function 'ap_fixed_base<31, 0, false, (ap_q_mode)5, (ap_o_mode)3, 0>::operator<<' into 'hls::hotbm::range_redux_payne_hanek_hotbm_pi<20, float, 31, 31>' (/wrk/2016.2/continuous/2016_06_02_1577090/src/products/hls/hls_lib/src/hls/hls_hotbm.h:404).
@I [XFORM-603] Inlining function 'ap_fixed_base<31, 0, false, (ap_q_mode)5, (ap_o_mode)3, 0>::operator<<' into 'hls::hotbm::range_redux_payne_hanek_hotbm<20, float, 31, 31>' (/wrk/2016.2/continuous/2016_06_02_1577090/src/products/hls/hls_lib/src/hls/hls_hotbm.h:287).
@I [XFORM-603] Inlining function 'ap_fixed_base<31, 0, false, (ap_q_mode)0, (ap_o_mode)0, 0>::overflow_adjust' into 'ap_fixed_base<31, 0, false, (ap_q_mode)0, (ap_o_mode)0, 0>::ap_fixed_base<32, 32, true, (ap_q_mode)5, (ap_o_mode)3, 0>.1' ().
@I [XFORM-603] Inlining function 'ap_fixed_base<31, 1, true, (ap_q_mode)5, (ap_o_mode)3, 0>::operator<<' into 'hls::hotbm::my_to_float<31, 1>' (/wrk/2016.2/continuous/2016_06_02_1577090/src/products/hls/hls_lib/src/hls/hls_hotbm.h:156).
@I [XFORM-603] Inlining function 'ap_fixed_base<78, 55, false, (ap_q_mode)5, (ap_o_mode)3, 0>::operator<<' into 'hls::cast_IEEE754<int, float>' (/wrk/2016.2/continuous/2016_06_02_1577090/src/products/hls/hls_lib/src/hls/hls_round.h:371).
@I [XFORM-603] Inlining function 'ap_fixed_base<1, 33, false, (ap_q_mode)5, (ap_o_mode)0, 0>::overflow_adjust' into 'ap_fixed_base<1, 33, false, (ap_q_mode)5, (ap_o_mode)0, 0>::ap_fixed_base<55, 55, false, (ap_q_mode)5, (ap_o_mode)3, 0>' ().
@I [HLS-10] Checking synthesizability ...
@I [XFORM-602] Inlining function 'fp_struct<float>::expv' into 'hls::hotbm::range_redux_payne_hanek_hotbm<20, float, 31, 31>' (/wrk/2016.2/continuous/2016_06_02_1577090/src/products/hls/hls_lib/src/hls/hls_hotbm.h:224) automatically.
@I [XFORM-602] Inlining function 'hls::table_lookup_4oPi<23, 20>' into 'hls::hotbm::range_redux_payne_hanek_hotbm<20, float, 31, 31>' (/wrk/2016.2/continuous/2016_06_02_1577090/src/products/hls/hls_lib/src/hls/hls_hotbm.h:249) automatically.
@I [XFORM-602] Inlining function 'hls::big_mult<71, 24>' into 'hls::hotbm::range_redux_payne_hanek_hotbm<20, float, 31, 31>' (/wrk/2016.2/continuous/2016_06_02_1577090/src/products/hls/hls_lib/src/hls/hls_hotbm.h:251) automatically.
@I [XFORM-602] Inlining function 'hls::hotbm::clz<18, 49, 0>' into 'hls::hotbm::range_redux_payne_hanek_hotbm<20, float, 31, 31>' (/wrk/2016.2/continuous/2016_06_02_1577090/src/products/hls/hls_lib/src/hls/hls_hotbm.h:277) automatically.
@I [XFORM-602] Inlining function 'fp_struct<float>::data' into 'fp_struct<float>::to_float' (/wrk/2016.2/continuous/2016_06_02_1577090/src/products/hls/hls_lib/src/hls/utils/x_hls_utils.h:347) automatically.
@I [XFORM-602] Inlining function 'fp_struct<float>::to_float' into 'fp_struct<float>::to_ieee' (/wrk/2016.2/continuous/2016_06_02_1577090/src/products/hls/hls_lib/src/hls/utils/x_hls_utils.h:368) automatically.
@I [XFORM-602] Inlining function 'fp_struct<float>::set_mantissa' into 'hls::hotbm::my_to_float<31, 1>' (/wrk/2016.2/continuous/2016_06_02_1577090/src/products/hls/hls_lib/src/hls/hls_hotbm.h:169) automatically.
@I [XFORM-602] Inlining function 'fp_struct<float>::to_ieee' into 'hls::hotbm::my_to_float<31, 1>' (/wrk/2016.2/continuous/2016_06_02_1577090/src/products/hls/hls_lib/src/hls/hls_hotbm.h:173) automatically.
@I [XFORM-602] Inlining function 'fp_struct<double>::data' into 'fp_struct<double>::to_double' (/wrk/2016.2/continuous/2016_06_02_1577090/src/products/hls/hls_lib/src/hls/utils/x_hls_utils.h:506) automatically.
@I [XFORM-602] Inlining function 'fp_struct<double>::to_double' into 'fp_struct<double>::to_ieee' (/wrk/2016.2/continuous/2016_06_02_1577090/src/products/hls/hls_lib/src/hls/utils/x_hls_utils.h:520) automatically.
@I [XFORM-602] Inlining function 'fp_struct<double>::to_ieee' into 'hls::nan' (/wrk/2016.2/continuous/2016_06_02_1577090/src/products/hls/hls_lib/src/hls_math.h:80) automatically.
@I [XFORM-602] Inlining function 'hls::__isinf' into 'hls::hotbm::sinf_or_cosf' (/wrk/2016.2/continuous/2016_06_02_1577090/src/products/hls/hls_lib/src/hls/hls_hotbm.h:640) automatically.
@I [XFORM-602] Inlining function 'hls::__isnan' into 'hls::hotbm::sinf_or_cosf' (/wrk/2016.2/continuous/2016_06_02_1577090/src/products/hls/hls_lib/src/hls/hls_hotbm.h:640) automatically.
@I [XFORM-602] Inlining function 'hls::nan' into 'hls::hotbm::sinf_or_cosf' (/wrk/2016.2/continuous/2016_06_02_1577090/src/products/hls/hls_lib/src/hls/hls_hotbm.h:641) automatically.
@I [XFORM-602] Inlining function 'fp_struct<float>::to_ieee' into 'hls::hotbm::sinf_or_cosf' (/wrk/2016.2/continuous/2016_06_02_1577090/src/products/hls/hls_lib/src/hls/hls_hotbm.h:643) automatically.
@I [XFORM-602] Inlining function 'hls::hotbm::cosf' into 'hls::cosf' (/wrk/2016.2/continuous/2016_06_02_1577090/src/products/hls/hls_lib/src/hls_math.h:541) automatically.
@I [XFORM-602] Inlining function 'hls::cosf' into 'cosf' (/wrk/2016.2/continuous/2016_06_02_1577090/src/products/hls/hls_lib/src/lib_hlsm.cpp:60) automatically.
@I [XFORM-602] Inlining function 'cosf' into 'std::cos' (/opt/xilinx/xilinx_2016.2/Vivado_HLS/2016.2/lnx64/tools/gcc/lib/gcc/x86_64-unknown-linux-gnu/4.6.3/../../../../include/c++/4.6.3/cmath:185) automatically.
@I [XFORM-602] Inlining function 'fp_struct<float>::to_ieee' into 'hls::copysignf' (/wrk/2016.2/continuous/2016_06_02_1577090/src/products/hls/hls_lib/src/hls_math.h:264) automatically.
@I [XFORM-602] Inlining function 'hls::copysignf' into 'hls::fabsf' (/wrk/2016.2/continuous/2016_06_02_1577090/src/products/hls/hls_lib/src/hls_math.h:284) automatically.
@I [XFORM-602] Inlining function 'hls::fabsf' into 'fabsf' (/wrk/2016.2/continuous/2016_06_02_1577090/src/products/hls/hls_lib/src/lib_hlsm.cpp:138) automatically.
@I [XFORM-602] Inlining function 'fabsf' into 'std::abs' (/opt/xilinx/xilinx_2016.2/Vivado_HLS/2016.2/lnx64/tools/gcc/lib/gcc/x86_64-unknown-linux-gnu/4.6.3/../../../../include/c++/4.6.3/cmath:86) automatically.
@I [XFORM-602] Inlining function 'fp_struct<float>::mantissa' into 'hls::cast_IEEE754<int, float>' (/wrk/2016.2/continuous/2016_06_02_1577090/src/products/hls/hls_lib/src/hls/hls_round.h:368) automatically.
@I [XFORM-602] Inlining function 'fp_struct<float>::expv' into 'hls::cast_IEEE754<int, float>' (/wrk/2016.2/continuous/2016_06_02_1577090/src/products/hls/hls_lib/src/hls/hls_round.h:371) automatically.
@I [XFORM-602] Inlining function 'fp_struct<float>::__signbit' into 'hls::cast_IEEE754<int, float>' (/wrk/2016.2/continuous/2016_06_02_1577090/src/products/hls/hls_lib/src/hls/hls_round.h:383) automatically.
@I [XFORM-602] Inlining function 'hls::cast_IEEE754<int, float>' into '__hls_fptosi_float_i32' (/wrk/2016.2/continuous/2016_06_02_1577090/src/products/hls/hls_lib/src/lib_floatconversion.cpp:39) automatically.
@I [XFORM-602] Inlining function 'std::abs' into 'knn' (mfcc.cpp:192) automatically.
@I [XFORM-602] Inlining function '__hls_fptosi_float_i32' into 'knn' (mfcc.cpp:198) automatically.
@I [XFORM-602] Inlining function 'std::log' into 'mfcc' (mfcc.cpp:132) automatically.
@I [XFORM-602] Inlining function 'std::sqrt' into 'mfcc' (mfcc.cpp:138) automatically.
@I [XFORM-602] Inlining function 'std::cos' into 'mfcc' (mfcc.cpp:143) automatically.
@W [SYNCHK-23] /wrk/2016.2/continuous/2016_06_02_1577090/src/products/hls/hls_lib/src/hls/hls_hotbm.h:135: variable-indexed range selection may cause suboptimal QoR.
@E [SYNCHK-41] mfcc.cpp:28: unsafe type casting from type 'ap_uint<64>' to type 'float'.
@I [SYNCHK-10] 0 error(s), 2 warning(s).
@W [XFORM-1103] Ignored data pack directive on non-struct variable 'fft_config.data.V' (mfcc.cpp:93).
@W [XFORM-1102] Ignored multiple data pack pragma for variable 'xn' (mfcc.cpp:89).
@I [XFORM-1101] Packing variable 'xn' (mfcc.cpp:89) into a 64-bit variable.
@W [XFORM-1102] Ignored multiple data pack pragma for variable 'xk' (mfcc.cpp:90).
@I [XFORM-1101] Packing variable 'xk' (mfcc.cpp:90) into a 64-bit variable.
@I [XFORM-502] Unrolling small iteration loop 'Loop-1' (/wrk/2016.2/continuous/2016_06_02_1577090/src/products/hls/hls_lib/src/hls/hls_hotbm.h:133) in function 'hls::hotbm::my_to_float<31, 1>' automatically.
@I [XFORM-501] Unrolling loop 'Loop-1' (/wrk/2016.2/continuous/2016_06_02_1577090/src/products/hls/hls_lib/src/hls/hls_hotbm.h:133) in function 'hls::hotbm::my_to_float<31, 1>' completely.
@I [XFORM-102] Automatically partitioning small array 'out_bits.V' (/wrk/2016.2/continuous/2016_06_02_1577090/src/products/hls/hls_lib/src/hls/hls_hotbm.h:132) completely based on array size.
@I [XFORM-102] Automatically partitioning small array 'c' (/wrk/2016.2/continuous/2016_06_02_1577090/src/products/hls/hls_lib/src/hls/hls_hotbm.h:145) completely based on array size.
@I [XFORM-101] Partitioning array 'swap_table'  in dimension 1 completely.
@I [XFORM-101] Partitioning array 'neg_sin_table'  in dimension 1 completely.
@I [XFORM-101] Partitioning array 'neg_cos_table'  in dimension 1 completely.
@I [XFORM-101] Partitioning array 'out_bits.V' (/wrk/2016.2/continuous/2016_06_02_1577090/src/products/hls/hls_lib/src/hls/hls_hotbm.h:132) in dimension 1 completely.
@I [XFORM-101] Partitioning array 'c' (/wrk/2016.2/continuous/2016_06_02_1577090/src/products/hls/hls_lib/src/hls/hls_hotbm.h:145) in dimension 1 completely.
@I [XFORM-602] Inlining function 'fp_struct<float>::expv' into 'hls::hotbm::range_redux_payne_hanek_hotbm<20, float, 31, 31>' (/wrk/2016.2/continuous/2016_06_02_1577090/src/products/hls/hls_lib/src/hls/hls_hotbm.h:224) automatically.
@I [XFORM-602] Inlining function 'hls::table_lookup_4oPi<23, 20>' into 'hls::hotbm::range_redux_payne_hanek_hotbm<20, float, 31, 31>' (/wrk/2016.2/continuous/2016_06_02_1577090/src/products/hls/hls_lib/src/hls/hls_hotbm.h:249) automatically.
@I [XFORM-602] Inlining function 'hls::big_mult<71, 24>' into 'hls::hotbm::range_redux_payne_hanek_hotbm<20, float, 31, 31>' (/wrk/2016.2/continuous/2016_06_02_1577090/src/products/hls/hls_lib/src/hls/hls_hotbm.h:251) automatically.
@I [XFORM-602] Inlining function 'hls::hotbm::clz<18, 49, 0>' into 'hls::hotbm::range_redux_payne_hanek_hotbm<20, float, 31, 31>' (/wrk/2016.2/continuous/2016_06_02_1577090/src/products/hls/hls_lib/src/hls/hls_hotbm.h:277) automatically.
@I [XFORM-602] Inlining function 'fp_struct<float>::data' into 'fp_struct<float>::to_float' (/wrk/2016.2/continuous/2016_06_02_1577090/src/products/hls/hls_lib/src/hls/utils/x_hls_utils.h:347) automatically.
@I [XFORM-602] Inlining function 'fp_struct<float>::to_float' into 'fp_struct<float>::to_ieee' (/wrk/2016.2/continuous/2016_06_02_1577090/src/products/hls/hls_lib/src/hls/utils/x_hls_utils.h:368) automatically.
@I [XFORM-602] Inlining function 'fp_struct<float>::set_mantissa' into 'hls::hotbm::my_to_float<31, 1>' (/wrk/2016.2/continuous/2016_06_02_1577090/src/products/hls/hls_lib/src/hls/hls_hotbm.h:169) automatically.
@I [XFORM-602] Inlining function 'fp_struct<float>::to_ieee' into 'hls::hotbm::my_to_float<31, 1>' (/wrk/2016.2/continuous/2016_06_02_1577090/src/products/hls/hls_lib/src/hls/hls_hotbm.h:173) automatically.
@I [XFORM-602] Inlining function 'fp_struct<double>::data' into 'fp_struct<double>::to_double' (/wrk/2016.2/continuous/2016_06_02_1577090/src/products/hls/hls_lib/src/hls/utils/x_hls_utils.h:506) automatically.
@I [XFORM-602] Inlining function 'fp_struct<double>::to_double' into 'fp_struct<double>::to_ieee' (/wrk/2016.2/continuous/2016_06_02_1577090/src/products/hls/hls_lib/src/hls/utils/x_hls_utils.h:520) automatically.
@I [XFORM-602] Inlining function 'fp_struct<double>::to_ieee' into 'hls::nan' (/wrk/2016.2/continuous/2016_06_02_1577090/src/products/hls/hls_lib/src/hls_math.h:80) automatically.
@I [XFORM-602] Inlining function 'hls::__isinf' into 'hls::hotbm::sinf_or_cosf' (/wrk/2016.2/continuous/2016_06_02_1577090/src/products/hls/hls_lib/src/hls/hls_hotbm.h:640) automatically.
@I [XFORM-602] Inlining function 'hls::__isnan' into 'hls::hotbm::sinf_or_cosf' (/wrk/2016.2/continuous/2016_06_02_1577090/src/products/hls/hls_lib/src/hls/hls_hotbm.h:640) automatically.
@I [XFORM-602] Inlining function 'hls::nan' into 'hls::hotbm::sinf_or_cosf' (/wrk/2016.2/continuous/2016_06_02_1577090/src/products/hls/hls_lib/src/hls/hls_hotbm.h:641) automatically.
@I [XFORM-602] Inlining function 'fp_struct<float>::to_ieee' into 'hls::hotbm::sinf_or_cosf' (/wrk/2016.2/continuous/2016_06_02_1577090/src/products/hls/hls_lib/src/hls/hls_hotbm.h:643) automatically.
@I [XFORM-602] Inlining function 'hls::hotbm::cosf' into 'hls::cosf' (/wrk/2016.2/continuous/2016_06_02_1577090/src/products/hls/hls_lib/src/hls_math.h:541) automatically.
@I [XFORM-602] Inlining function 'hls::cosf' into 'cosf' (/wrk/2016.2/continuous/2016_06_02_1577090/src/products/hls/hls_lib/src/lib_hlsm.cpp:60) automatically.
@I [XFORM-602] Inlining function 'cosf' into 'std::cos' (/opt/xilinx/xilinx_2016.2/Vivado_HLS/2016.2/lnx64/tools/gcc/lib/gcc/x86_64-unknown-linux-gnu/4.6.3/../../../../include/c++/4.6.3/cmath:185) automatically.
@I [XFORM-602] Inlining function 'fp_struct<float>::to_ieee' into 'hls::copysignf' (/wrk/2016.2/continuous/2016_06_02_1577090/src/products/hls/hls_lib/src/hls_math.h:264) automatically.
@I [XFORM-602] Inlining function 'hls::copysignf' into 'hls::fabsf' (/wrk/2016.2/continuous/2016_06_02_1577090/src/products/hls/hls_lib/src/hls_math.h:284) automatically.
@I [XFORM-602] Inlining function 'hls::fabsf' into 'fabsf' (/wrk/2016.2/continuous/2016_06_02_1577090/src/products/hls/hls_lib/src/lib_hlsm.cpp:138) automatically.
@I [XFORM-602] Inlining function 'fabsf' into 'std::abs' (/opt/xilinx/xilinx_2016.2/Vivado_HLS/2016.2/lnx64/tools/gcc/lib/gcc/x86_64-unknown-linux-gnu/4.6.3/../../../../include/c++/4.6.3/cmath:86) automatically.
@I [XFORM-602] Inlining function 'fp_struct<float>::mantissa' into 'hls::cast_IEEE754<int, float>' (/wrk/2016.2/continuous/2016_06_02_1577090/src/products/hls/hls_lib/src/hls/hls_round.h:368) automatically.
@I [XFORM-602] Inlining function 'fp_struct<float>::expv' into 'hls::cast_IEEE754<int, float>' (/wrk/2016.2/continuous/2016_06_02_1577090/src/products/hls/hls_lib/src/hls/hls_round.h:371) automatically.
@I [XFORM-602] Inlining function 'fp_struct<float>::__signbit' into 'hls::cast_IEEE754<int, float>' (/wrk/2016.2/continuous/2016_06_02_1577090/src/products/hls/hls_lib/src/hls/hls_round.h:383) automatically.
@I [XFORM-602] Inlining function 'hls::cast_IEEE754<int, float>' into '__hls_fptosi_float_i32' (/wrk/2016.2/continuous/2016_06_02_1577090/src/products/hls/hls_lib/src/lib_floatconversion.cpp:39) automatically.
@I [XFORM-602] Inlining function 'std::abs' into 'knn' (mfcc.cpp:192) automatically.
@I [XFORM-602] Inlining function '__hls_fptosi_float_i32' into 'knn' (mfcc.cpp:198) automatically.
@I [XFORM-602] Inlining function 'std::log' into 'mfcc' (mfcc.cpp:132) automatically.
@I [XFORM-602] Inlining function 'std::sqrt' into 'mfcc' (mfcc.cpp:138) automatically.
@I [XFORM-602] Inlining function 'std::cos' into 'mfcc' (mfcc.cpp:143) automatically.
@I [XFORM-401] Performing if-conversion on hyperblock from (mfcc.cpp:197:9) to (mfcc.cpp:199:7) in function 'knn'... converting 4 basic blocks.
@I [XFORM-401] Performing if-conversion on hyperblock from (/wrk/2016.2/continuous/2016_06_02_1577090/src/products/hls/hls_lib/src/hls/hls_hotbm.h:536:20) to (/wrk/2016.2/continuous/2016_06_02_1577090/src/products/hls/hls_lib/src/hls/hls_hotbm.h:631:5) in function 'hls::hotbm::sinf_or_cosf'... converting 9 basic blocks.
@I [XFORM-401] Performing if-conversion on hyperblock from (/wrk/2016.2/continuous/2016_06_02_1577090/src/products/hls/hls_lib/src/hls/hls_hotbm.h:631:57) to (/wrk/2016.2/continuous/2016_06_02_1577090/src/products/hls/hls_lib/src/hls/hls_hotbm.h:645:1) in function 'hls::hotbm::sinf_or_cosf'... converting 4 basic blocks.
@I [XFORM-401] Performing if-conversion on hyperblock from (/wrk/2016.2/continuous/2016_06_02_1577090/src/products/hls/hls_lib/src/hls/hls_hotbm.h:215:7) to (/wrk/2016.2/continuous/2016_06_02_1577090/src/products/hls/hls_lib/src/hls/hls_hotbm.h:297:1) in function 'hls::hotbm::range_redux_payne_hanek_hotbm<20, float, 31, 31>'... converting 8 basic blocks.
@I [XFORM-401] Performing if-conversion on hyperblock to (/wrk/2016.2/continuous/2016_06_02_1577090/src/products/hls/hls_lib/src/hls/hls_hotbm.h:157:9) in function 'hls::hotbm::my_to_float<31, 1>'... converting 4 basic blocks.
@I [XFORM-401] Performing if-conversion on hyperblock from (/wrk/2016.2/continuous/2016_06_02_1577090/src/products/hls/hls_lib/src/hls/hls_hotbm.h:164:30) to (/wrk/2016.2/continuous/2016_06_02_1577090/src/products/hls/hls_lib/src/hls/hls_hotbm.h:174:1) in function 'hls::hotbm::my_to_float<31, 1>'... converting 3 basic blocks.
@I [XFORM-401] Performing if-conversion on hyperblock from (/wrk/2016.2/continuous/2016_06_02_1577090/src/products/hls/hls_lib/src/hls/hls_big_mult.h:261:51) to (/wrk/2016.2/continuous/2016_06_02_1577090/src/products/hls/hls_lib/src/hls/hls_big_mult.h:260:24) in function 'hls::big_mult_v3small<71, 24, 17>'... converting 3 basic blocks.
@I [XFORM-602] Inlining function 'hls::hotbm::range_redux_payne_hanek_hotbm<20, float, 31, 31>' into 'hls::hotbm::sinf_or_cosf' (/wrk/2016.2/continuous/2016_06_02_1577090/src/products/hls/hls_lib/src/hls/hls_hotbm.h:573) automatically.
@W [XFORM-631] Renaming function 'hls::fft<config1>' (/opt/xilinx/xilinx_2016.2/Vivado_HLS/2016.2/common/technology/autopilot/hls_fft.h:984) into fft<config1>.
@W [XFORM-631] Renaming function 'hls::big_mult_v3small<71, 24, 17>' (/wrk/2016.2/continuous/2016_06_02_1577090/src/products/hls/hls_lib/src/hls/hls_big_mult.h:258:26) into big_mult_v3small<71, 24, 17>.
@W [XFORM-631] Renaming function 'hls::hotbm::my_to_float<31, 1>' (/wrk/2016.2/continuous/2016_06_02_1577090/src/products/hls/hls_lib/src/hls/hls_hotbm.h:118) into my_to_float<31, 1>.
@W [XFORM-631] Renaming function 'hls::hotbm::sinf_or_cosf' (/wrk/2016.2/continuous/2016_06_02_1577090/src/products/hls/hls_lib/src/hls/hls_hotbm.h:536) into sinf_or_cosf.
@I [HLS-111] Elapsed time: 60.57 seconds; current memory usage: 671 MB.
@I [HLS-10] Starting hardware synthesis ...
@I [HLS-10] Synthesizing 'dut' ...
@W [SYN-103] Legalizing function name 'fft<config1>' to 'fft_config1_s'.
@W [SYN-103] Legalizing function name 'dut_big_mult_v3small<71, 24, 17>' to 'dut_big_mult_v3small_71_24_17_s'.
@W [SYN-103] Legalizing function name 'dut_my_to_float<31, 1>' to 'dut_my_to_float_31_1_s'.
@I [HLS-10] ----------------------------------------------------------------
@I [HLS-10] -- Scheduling module 'fft_config1_s' 
@I [HLS-10] ----------------------------------------------------------------
@I [SCHED-11] Skip scheduling the IP block.
@I [HLS-111] Elapsed time: 0.02 seconds; current memory usage: 671 MB.
@I [HLS-10] ----------------------------------------------------------------
@I [HLS-10] -- Exploring micro-architecture for module 'fft_config1_s' 
@I [HLS-10] ----------------------------------------------------------------
@I [BIND-100] Starting micro-architecture generation ...
@I [BIND-101] Performing variable lifetime analysis.
@I [BIND-101] Exploring resource sharing.
@I [BIND-101] Binding ...
@I [BIND-100] Finished micro-architecture generation.
@I [HLS-111] Elapsed time: 0.02 seconds; current memory usage: 671 MB.
@I [HLS-10] ----------------------------------------------------------------
@I [HLS-10] -- Scheduling module 'dut_big_mult_v3small_71_24_17_s' 
@I [HLS-10] ----------------------------------------------------------------
@I [SCHED-11] Starting scheduling ...
@I [SCHED-11] Finished scheduling.
@I [HLS-111] Elapsed time: 0.04 seconds; current memory usage: 672 MB.
@I [HLS-10] ----------------------------------------------------------------
@I [HLS-10] -- Exploring micro-architecture for module 'dut_big_mult_v3small_71_24_17_s' 
@I [HLS-10] ----------------------------------------------------------------
@I [BIND-100] Starting micro-architecture generation ...
@I [BIND-101] Performing variable lifetime analysis.
@I [BIND-101] Exploring resource sharing.
@I [BIND-101] Binding ...
@I [BIND-100] Finished micro-architecture generation.
@I [HLS-111] Elapsed time: 0.07 seconds; current memory usage: 672 MB.
@I [HLS-10] ----------------------------------------------------------------
@I [HLS-10] -- Scheduling module 'dut_my_to_float_31_1_s' 
@I [HLS-10] ----------------------------------------------------------------
@I [SCHED-11] Starting scheduling ...
@I [SCHED-11] Finished scheduling.
@I [HLS-111] Elapsed time: 0.08 seconds; current memory usage: 672 MB.
@I [HLS-10] ----------------------------------------------------------------
@I [HLS-10] -- Exploring micro-architecture for module 'dut_my_to_float_31_1_s' 
@I [HLS-10] ----------------------------------------------------------------
@I [BIND-100] Starting micro-architecture generation ...
@I [BIND-101] Performing variable lifetime analysis.
@I [BIND-101] Exploring resource sharing.
@I [BIND-101] Binding ...
@I [BIND-100] Finished micro-architecture generation.
@I [HLS-111] Elapsed time: 0.06 seconds; current memory usage: 673 MB.
@I [HLS-10] ----------------------------------------------------------------
@I [HLS-10] -- Scheduling module 'dut_sinf_or_cosf' 
@I [HLS-10] ----------------------------------------------------------------
@I [SCHED-11] Starting scheduling ...
@I [SCHED-11] Finished scheduling.
@I [HLS-111] Elapsed time: 0.14 seconds; current memory usage: 673 MB.
@I [HLS-10] ----------------------------------------------------------------
@I [HLS-10] -- Exploring micro-architecture for module 'dut_sinf_or_cosf' 
@I [HLS-10] ----------------------------------------------------------------
@I [BIND-100] Starting micro-architecture generation ...
@I [BIND-101] Performing variable lifetime analysis.
@I [BIND-101] Exploring resource sharing.
@I [BIND-101] Binding ...
@I [BIND-100] Finished micro-architecture generation.
@I [HLS-111] Elapsed time: 0.13 seconds; current memory usage: 674 MB.
@I [HLS-10] ----------------------------------------------------------------
@I [HLS-10] -- Scheduling module 'dut_knn' 
@I [HLS-10] ----------------------------------------------------------------
@I [SCHED-11] Starting scheduling ...
@I [SCHED-11] Finished scheduling.
@I [HLS-111] Elapsed time: 0.2 seconds; current memory usage: 675 MB.
@I [HLS-10] ----------------------------------------------------------------
@I [HLS-10] -- Exploring micro-architecture for module 'dut_knn' 
@I [HLS-10] ----------------------------------------------------------------
@I [BIND-100] Starting micro-architecture generation ...
@I [BIND-101] Performing variable lifetime analysis.
@I [BIND-101] Exploring resource sharing.
@I [BIND-101] Binding ...
@I [BIND-100] Finished micro-architecture generation.
@I [HLS-111] Elapsed time: 0.15 seconds; current memory usage: 676 MB.
@I [HLS-10] ----------------------------------------------------------------
@I [HLS-10] -- Scheduling module 'dut_mfcc' 
@I [HLS-10] ----------------------------------------------------------------
@I [SCHED-11] Starting scheduling ...
@I [SCHED-11] Finished scheduling.
@I [HLS-111] Elapsed time: 0.3 seconds; current memory usage: 677 MB.
@I [HLS-10] ----------------------------------------------------------------
@I [HLS-10] -- Exploring micro-architecture for module 'dut_mfcc' 
@I [HLS-10] ----------------------------------------------------------------
@I [BIND-100] Starting micro-architecture generation ...
@I [BIND-101] Performing variable lifetime analysis.
@I [BIND-101] Exploring resource sharing.
@I [BIND-101] Binding ...
@I [BIND-100] Finished micro-architecture generation.
@I [HLS-111] Elapsed time: 0.3 seconds; current memory usage: 679 MB.
@I [HLS-10] ----------------------------------------------------------------
@I [HLS-10] -- Scheduling module 'dut' 
@I [HLS-10] ----------------------------------------------------------------
@I [SCHED-11] Starting scheduling ...
@I [SCHED-11] Finished scheduling.
@I [HLS-111] Elapsed time: 0.37 seconds; current memory usage: 679 MB.
@I [HLS-10] ----------------------------------------------------------------
@I [HLS-10] -- Exploring micro-architecture for module 'dut' 
@I [HLS-10] ----------------------------------------------------------------
@I [BIND-100] Starting micro-architecture generation ...
@I [BIND-101] Performing variable lifetime analysis.
@I [BIND-101] Exploring resource sharing.
@I [BIND-101] Binding ...
@I [BIND-100] Finished micro-architecture generation.
@I [HLS-111] Elapsed time: 0.09 seconds; current memory usage: 680 MB.
@I [HLS-10] ----------------------------------------------------------------
@I [HLS-10] -- Generating RTL for module 'fft_config1_s' 
@I [HLS-10] ----------------------------------------------------------------
@I [RTGEN-100] Finished creating RTL model for 'fft_config1_s'.
@I [HLS-111] Elapsed time: 0.19 seconds; current memory usage: 680 MB.
@I [HLS-10] ----------------------------------------------------------------
@I [HLS-10] -- Generating RTL for module 'dut_big_mult_v3small_71_24_17_s' 
@I [HLS-10] ----------------------------------------------------------------
@I [RTGEN-100] Finished creating RTL model for 'dut_big_mult_v3small_71_24_17_s'.
@I [HLS-111] Elapsed time: 0.09 seconds; current memory usage: 680 MB.
@I [HLS-10] ----------------------------------------------------------------
@I [HLS-10] -- Generating RTL for module 'dut_my_to_float_31_1_s' 
@I [HLS-10] ----------------------------------------------------------------
@I [RTGEN-100] Finished creating RTL model for 'dut_my_to_float_31_1_s'.
@I [HLS-111] Elapsed time: 0.12 seconds; current memory usage: 682 MB.
@I [HLS-10] ----------------------------------------------------------------
@I [HLS-10] -- Generating RTL for module 'dut_sinf_or_cosf' 
@I [HLS-10] ----------------------------------------------------------------
@I [RTGEN-100] Generating core module 'dut_mul_32s_31ns_62_6': 1 instance(s).
@I [RTGEN-100] Generating core module 'dut_mul_mul_17ns_15s_32_1': 1 instance(s).
@I [RTGEN-100] Generating core module 'dut_mul_mul_23s_17ns_40_1': 1 instance(s).
@I [RTGEN-100] Finished creating RTL model for 'dut_sinf_or_cosf'.
@I [HLS-111] Elapsed time: 0.13 seconds; current memory usage: 684 MB.
@I [HLS-10] ----------------------------------------------------------------
@I [HLS-10] -- Generating RTL for module 'dut_knn' 
@I [HLS-10] ----------------------------------------------------------------
@I [RTGEN-100] Generating core module 'dut_fcmp_32ns_32ns_1_1': 1 instance(s).
@I [RTGEN-100] Generating core module 'dut_fsub_32ns_32ns_32_5_full_dsp': 1 instance(s).
@I [RTGEN-100] Generating core module 'dut_sitofp_32ns_32_6': 1 instance(s).
@I [RTGEN-100] Generating core module 'dut_uitofp_32ns_32_6': 1 instance(s).
@I [RTGEN-100] Finished creating RTL model for 'dut_knn'.
@I [HLS-111] Elapsed time: 0.27 seconds; current memory usage: 687 MB.
@I [HLS-10] ----------------------------------------------------------------
@I [HLS-10] -- Generating RTL for module 'dut_mfcc' 
@I [HLS-10] ----------------------------------------------------------------
@I [RTGEN-100] Generating core module 'dut_fadd_32ns_32ns_32_5_full_dsp': 1 instance(s).
@I [RTGEN-100] Generating core module 'dut_fdiv_32ns_32ns_32_16': 1 instance(s).
@I [RTGEN-100] Generating core module 'dut_flog_32ns_32ns_32_13_full_dsp': 1 instance(s).
@I [RTGEN-100] Generating core module 'dut_fmul_32ns_32ns_32_4_max_dsp': 2 instance(s).
@I [RTGEN-100] Generating core module 'dut_sitofp_32ns_32_6': 1 instance(s).
@I [RTGEN-100] Finished creating RTL model for 'dut_mfcc'.
@I [HLS-111] Elapsed time: 0.34 seconds; current memory usage: 693 MB.
@I [HLS-10] ----------------------------------------------------------------
@I [HLS-10] -- Generating RTL for module 'dut' 
@I [HLS-10] ----------------------------------------------------------------
@I [RTGEN-500] Setting interface mode on port 'dut/strm_in_V_V' to 'ap_fifo'.
@I [RTGEN-500] Setting interface mode on port 'dut/strm_out_V_V' to 'ap_fifo'.
@I [RTGEN-500] Setting interface mode on function 'dut' to 'ap_ctrl_hs'.
@I [RTGEN-100] Generating core module 'dut_uitofp_64ns_32_6': 1 instance(s).
@I [RTGEN-100] Finished creating RTL model for 'dut'.
@I [HLS-111] Elapsed time: 0.43 seconds; current memory usage: 697 MB.
@I [RTMG-279] Implementing memory 'dut_big_mult_v3small_71_24_17_s_pp_V_rom' using distributed ROMs.
@I [RTMG-278] Implementing memory 'dut_big_mult_v3small_71_24_17_s_pps_V_ram' using distributed RAMs.
@I [RTMG-282] Generating pipelined core: 'dut_mul_32s_31ns_62_6_MulnS_0'
@I [RTMG-279] Implementing memory 'dut_sinf_or_cosf_hls_sin_cos_K0_V_rom' using distributed ROMs.
@I [RTMG-279] Implementing memory 'dut_sinf_or_cosf_hls_sin_cos_K1_V_rom' using distributed ROMs.
@I [RTMG-279] Implementing memory 'dut_sinf_or_cosf_hls_sin_cos_K2_V_rom' using distributed ROMs.
@I [RTMG-279] Implementing memory 'dut_knn_training_data_V_rom' using auto ROMs.
@I [RTMG-278] Implementing memory 'dut_knn_training_data2_ram' using block RAMs.
@I [RTMG-278] Implementing memory 'dut_knn_training_instance_ram' using block RAMs.
@I [RTMG-278] Implementing memory 'dut_knn_min_distance_ram' using distributed RAMs.
@I [RTMG-278] Implementing memory 'dut_knn_distance_ram' using distributed RAMs.
@I [RTMG-279] Implementing memory 'dut_mfcc_hamming_rom' using auto ROMs.
@I [RTMG-278] Implementing memory 'dut_mfcc_xn_input_M_real_ram' using block RAMs with power-on initialization.
@I [RTMG-279] Implementing memory 'dut_mfcc_melfb_rom' using auto ROMs.
@I [RTMG-278] Implementing memory 'dut_mfcc_xn_ram' using block RAMs.
@I [RTMG-278] Implementing memory 'dut_mfcc_xk_ram' using block RAMs.
@I [RTMG-278] Implementing memory 'dut_mfcc_M_ram' using block RAMs.
@I [RTMG-278] Implementing memory 'dut_mfcc_z_ram' using block RAMs.
@I [RTMG-278] Implementing memory 'dut_mfcc_z2_ram' using block RAMs.
@I [HLS-10] Finished generating all RTL models.
@I [SYSC-301] Generating SystemC RTL for dut.
@I [VHDL-304] Generating VHDL RTL for dut.
@I [VLOG-307] Generating Verilog RTL for dut.
@I [HLS-112] Total elapsed time: 120.359 seconds; peak memory usage: 697 MB.
